  main.cpp
d:\profiles\njp2424\desktop\physics\level6\physics-spherecollision-3d-mastervs2019\spherecollision3d\main.cpp(145): warning C4244: '=': conversion from 'double' to 'T', possible loss of data
          with
          [
              T=float
          ]
d:\profiles\njp2424\desktop\physics\level6\physics-spherecollision-3d-mastervs2019\spherecollision3d\main.cpp(146): warning C4244: '=': conversion from 'double' to 'T', possible loss of data
          with
          [
              T=float
          ]
d:\profiles\njp2424\desktop\physics\level6\physics-spherecollision-3d-mastervs2019\spherecollision3d\main.cpp(147): warning C4244: '=': conversion from 'double' to 'T', possible loss of data
          with
          [
              T=float
          ]
d:\profiles\njp2424\desktop\physics\level6\physics-spherecollision-3d-mastervs2019\spherecollision3d\main.cpp(153): warning C4244: '=': conversion from 'double' to 'T', possible loss of data
          with
          [
              T=float
          ]
d:\profiles\njp2424\desktop\physics\level6\physics-spherecollision-3d-mastervs2019\spherecollision3d\main.cpp(154): warning C4244: '=': conversion from 'double' to 'T', possible loss of data
          with
          [
              T=float
          ]
d:\profiles\njp2424\desktop\physics\level6\physics-spherecollision-3d-mastervs2019\spherecollision3d\main.cpp(155): warning C4244: '=': conversion from 'double' to 'T', possible loss of data
          with
          [
              T=float
          ]
d:\profiles\njp2424\desktop\physics\level6\physics-spherecollision-3d-mastervs2019\spherecollision3d\main.cpp(161): warning C4244: '=': conversion from 'double' to 'T', possible loss of data
          with
          [
              T=float
          ]
d:\profiles\njp2424\desktop\physics\level6\physics-spherecollision-3d-mastervs2019\spherecollision3d\main.cpp(162): warning C4244: '=': conversion from 'double' to 'T', possible loss of data
          with
          [
              T=float
          ]
d:\profiles\njp2424\desktop\physics\level6\physics-spherecollision-3d-mastervs2019\spherecollision3d\main.cpp(163): warning C4244: '=': conversion from 'double' to 'T', possible loss of data
          with
          [
              T=float
          ]
d:\profiles\njp2424\desktop\physics\level6\physics-spherecollision-3d-mastervs2019\spherecollision3d\main.cpp(169): warning C4244: '=': conversion from 'double' to 'T', possible loss of data
          with
          [
              T=float
          ]
d:\profiles\njp2424\desktop\physics\level6\physics-spherecollision-3d-mastervs2019\spherecollision3d\main.cpp(170): warning C4244: '=': conversion from 'double' to 'T', possible loss of data
          with
          [
              T=float
          ]
d:\profiles\njp2424\desktop\physics\level6\physics-spherecollision-3d-mastervs2019\spherecollision3d\main.cpp(171): warning C4244: '=': conversion from 'double' to 'T', possible loss of data
          with
          [
              T=float
          ]
d:\profiles\njp2424\desktop\physics\level6\physics-spherecollision-3d-mastervs2019\spherecollision3d\main.cpp(382): warning C4244: '=': conversion from 'double' to 'T', possible loss of data
          with
          [
              T=float
          ]
d:\profiles\njp2424\desktop\physics\level6\physics-spherecollision-3d-mastervs2019\spherecollision3d\main.cpp(383): warning C4244: '=': conversion from 'double' to 'T', possible loss of data
          with
          [
              T=float
          ]
d:\profiles\njp2424\desktop\physics\level6\physics-spherecollision-3d-mastervs2019\spherecollision3d\main.cpp(453): warning C4326: return type of 'main' should be 'int' instead of 'void'
LINK : warning LNK4098: defaultlib 'MSVCRT' conflicts with use of other libs; use /NODEFAULTLIB:library
  SphereCollision3D.vcxproj -> D:\Profiles\njp2424\Desktop\Physics\level6\physics-sphereCollision-3D-masterVS2019\SphereCollision3D\Debug\SphereCollision3D.exe
